<?xml version="1.0" encoding="UTF-8"?>
<!-- Generated by org.testng.reporters.JUnitReportReporter -->
<testsuite skipped="0" hostname="DESKTOP-027NKOQ" name="jbk.com.Testclass" tests="8" failures="0" timestamp="18 Feb 2020 14:56:39 GMT" time="0.133" errors="0">
  <testcase name="testLinkSpellings" time="0.002" classname="jbk.com.Testclass"/>
  <testcase name="testLinksSeq" time="0.002" classname="jbk.com.Testclass"/>
  <testcase name="testLinkSpellings" time="0.003" classname="jbk.com.Testclass"/>
  <testcase name="testLinkSpellings" time="0.002" classname="jbk.com.Testclass"/>
  <testcase name="testLinkSpellings" time="0.001" classname="jbk.com.Testclass"/>
  <testcase name="testLinkSpellings" time="0.062" classname="jbk.com.Testclass"/>
  <testcase name="testLinkSpellings" time="0.003" classname="jbk.com.Testclass"/>
  <testcase name="testLinksCount" time="0.058" classname="jbk.com.Testclass"/>
</testsuite> <!-- jbk.com.Testclass -->
