<?xml version="1.0" encoding="UTF-8"?>
<!-- Generated by org.testng.reporters.JUnitReportReporter -->
<testsuite skipped="0" hostname="DESKTOP-027NKOQ" name="jbk.com.NewTest" tests="1" failures="0" timestamp="30 Jan 2020 12:13:41 GMT" time="0.002" errors="0">
  <testcase name="f" time="0.002" classname="jbk.com.NewTest"/>
</testsuite> <!-- jbk.com.NewTest -->
